[2023-03-02 20:56:11] [ERROR] [PacienteDAOH2:35] org.h2.jdbc.JdbcSQLNonTransientException: IO Exception: "java.nio.file.NoSuchFileException: create.sql"; "create.sql"; SQL statement:
RUNSCRIPT FROM 'create.sql' [90031-214]
[2023-03-02 20:56:32] [ERROR] [PacienteDAOH2:35] org.h2.jdbc.JdbcSQLSyntaxErrorException: Syntax error in SQL statement "CREATE TABLE IF NOT EXISTS Paciente (id INT AUTO_INCREMENT [*]PRIMARY_KEY NOT NULL, nombre VARCHAR(255), apellido VARCHAR(255), dni VARCHAR(255), id_domicilio INT, fecha_ingreso VARCHAR(25))"; expected "(, NOT NULL, NULL, DEFAULT ON NULL, NULL_TO_DEFAULT, SEQUENCE, SELECTIVITY, COMMENT, CONSTRAINT, COMMENT, PRIMARY KEY, UNIQUE, NOT NULL, NULL, CHECK, REFERENCES, ,, )"; SQL statement:
CREATE TABLE IF NOT EXISTS Paciente (id INT AUTO_INCREMENT PRIMARY_KEY NOT NULL, nombre VARCHAR(255), apellido VARCHAR(255), dni VARCHAR(255), id_domicilio INT, fecha_ingreso VARCHAR(25)) [42001-214]
[2023-03-02 20:57:59] [ERROR] [PacienteDAOH2:57] org.h2.jdbc.JdbcSQLSyntaxErrorException: Syntax error in SQL statement "CREATE TABLE IF NOT EXISTS Paciente (id INT AUTO_INCREMENT [*]PRIMARY_KEY NOT NULL, nombre VARCHAR(255), apellido VARCHAR(255), dni VARCHAR(255), id_domicilio INT, fecha_ingreso VARCHAR(25))"; expected "(, NOT NULL, NULL, DEFAULT ON NULL, NULL_TO_DEFAULT, SEQUENCE, SELECTIVITY, COMMENT, CONSTRAINT, COMMENT, PRIMARY KEY, UNIQUE, NOT NULL, NULL, CHECK, REFERENCES, ,, )"; SQL statement:
CREATE TABLE IF NOT EXISTS Paciente (id INT AUTO_INCREMENT PRIMARY_KEY NOT NULL, nombre VARCHAR(255), apellido VARCHAR(255), dni VARCHAR(255), id_domicilio INT, fecha_ingreso VARCHAR(25)) [42001-214]
[2023-03-02 21:14:31] [ERROR] [PacienteDAOH2:57] org.h2.jdbc.JdbcSQLSyntaxErrorException: Syntax error in SQL statement "CREATE TABLE IF NOT EXISTS Paciente (id INT AUTO_INCREMENT [*]PRIMARY_KEY NOT NULL, nombre VARCHAR(255), apellido VARCHAR(255), dni VARCHAR(255), id_domicilio INT, fecha_ingreso VARCHAR(25))"; expected "(, NOT NULL, NULL, DEFAULT ON NULL, NULL_TO_DEFAULT, SEQUENCE, SELECTIVITY, COMMENT, CONSTRAINT, COMMENT, PRIMARY KEY, UNIQUE, NOT NULL, NULL, CHECK, REFERENCES, ,, )"; SQL statement:
CREATE TABLE IF NOT EXISTS Paciente (id INT AUTO_INCREMENT PRIMARY_KEY NOT NULL, nombre VARCHAR(255), apellido VARCHAR(255), dni VARCHAR(255), id_domicilio INT, fecha_ingreso VARCHAR(25)) [42001-214]
[2023-03-02 21:15:34] [ERROR] [PacienteDAOH2:57] org.h2.jdbc.JdbcSQLSyntaxErrorException: Column "DOMICILIO_ID" not found; SQL statement:
INSERT INTO Paciente (apellido, nombre, dni, fecha_ingreso, domicilio_id) VALUES ('?', '?', '?', '?', '?') [42122-214]
[2023-03-02 21:17:16] [ERROR] [PacienteDAOH2:57] org.h2.jdbc.JdbcSQLSyntaxErrorException: Column "DOMICILIO_ID" not found; SQL statement:
INSERT INTO Paciente (apellido, nombre, dni, fecha_ingreso, domicilio_id) VALUES ('?', '?', '?', '?', '?') [42122-214]
[2023-03-02 21:22:17] [ERROR] [PacienteDAOH2:57] org.h2.jdbc.JdbcSQLSyntaxErrorException: Syntax error in SQL statement "CREATE TABLE IF NOT EXISTS Paciente (id INT AUTO_INCREMENT PRIMARY KEY, nombre VARCHAR(255), apellido VARCHAR(255), dni VARCHAR(255), id_domicilio INT [*]FOREIGN KEY REFERENCES Domicilio(id), fecha_ingreso VARCHAR(25))"; expected "ARRAY, INVISIBLE, VISIBLE, NOT NULL, NULL, AS, DEFAULT, GENERATED, ON UPDATE, NOT NULL, NULL, AUTO_INCREMENT, DEFAULT ON NULL, NULL_TO_DEFAULT, SEQUENCE, SELECTIVITY, COMMENT, CONSTRAINT, COMMENT, PRIMARY KEY, UNIQUE, NOT NULL, NULL, CHECK, REFERENCES, AUTO_INCREMENT, ,, )"; SQL statement:
CREATE TABLE IF NOT EXISTS Paciente (id INT AUTO_INCREMENT PRIMARY KEY, nombre VARCHAR(255), apellido VARCHAR(255), dni VARCHAR(255), id_domicilio INT FOREIGN KEY REFERENCES Domicilio(id), fecha_ingreso VARCHAR(25)) [42001-214]
[2023-03-02 21:22:23] [ERROR] [PacienteDAOH2:57] org.h2.jdbc.JdbcSQLSyntaxErrorException: Syntax error in SQL statement "CREATE TABLE IF NOT EXISTS Paciente (id INT AUTO_INCREMENT PRIMARY KEY, nombre VARCHAR(255), apellido VARCHAR(255), dni VARCHAR(255), id_domicilio INT [*]FOREIGN KEY REFERENCES Domicilio(id), fecha_ingreso VARCHAR(25))"; expected "ARRAY, INVISIBLE, VISIBLE, NOT NULL, NULL, AS, DEFAULT, GENERATED, ON UPDATE, NOT NULL, NULL, AUTO_INCREMENT, DEFAULT ON NULL, NULL_TO_DEFAULT, SEQUENCE, SELECTIVITY, COMMENT, CONSTRAINT, COMMENT, PRIMARY KEY, UNIQUE, NOT NULL, NULL, CHECK, REFERENCES, AUTO_INCREMENT, ,, )"; SQL statement:
CREATE TABLE IF NOT EXISTS Paciente (id INT AUTO_INCREMENT PRIMARY KEY, nombre VARCHAR(255), apellido VARCHAR(255), dni VARCHAR(255), id_domicilio INT FOREIGN KEY REFERENCES Domicilio(id), fecha_ingreso VARCHAR(25)) [42001-214]
[2023-03-02 21:23:37] [ERROR] [PacienteDAOH2:57] org.h2.jdbc.JdbcSQLSyntaxErrorException: Syntax error in SQL statement "\000d\000aCREATE TABLE IF NOT EXISTS Paciente (id INT AUTO_INCREMENT PRIMARY KEY, nombre VARCHAR(255), apellido VARCHAR(255), dni VARCHAR(255), id_domicilio INT [*]FOREIGN KEY REFERENCES Domicilio(id), fecha_ingreso VARCHAR(25))"; expected "ARRAY, INVISIBLE, VISIBLE, NOT NULL, NULL, AS, DEFAULT, GENERATED, ON UPDATE, NOT NULL, NULL, AUTO_INCREMENT, DEFAULT ON NULL, NULL_TO_DEFAULT, SEQUENCE, SELECTIVITY, COMMENT, CONSTRAINT, COMMENT, PRIMARY KEY, UNIQUE, NOT NULL, NULL, CHECK, REFERENCES, AUTO_INCREMENT, ,, )"; SQL statement:

CREATE TABLE IF NOT EXISTS Paciente (id INT AUTO_INCREMENT PRIMARY KEY, nombre VARCHAR(255), apellido VARCHAR(255), dni VARCHAR(255), id_domicilio INT FOREIGN KEY REFERENCES Domicilio(id), fecha_ingreso VARCHAR(25)) [42001-214]
[2023-03-02 21:26:36] [ERROR] [PacienteDAOH2:57] org.h2.jdbc.JdbcSQLSyntaxErrorException: Syntax error in SQL statement "\000d\000aCREATE TABLE IF NOT EXISTS Paciente (id INT AUTO_INCREMENT PRIMARY KEY, nombre VARCHAR(255), apellido VARCHAR(255), dni VARCHAR(255), id_domicilio INT [*]FOREIGN KEY (id_domicilio) references Domicilio(id), fecha_ingreso VARCHAR(25))"; expected "ARRAY, INVISIBLE, VISIBLE, NOT NULL, NULL, AS, DEFAULT, GENERATED, ON UPDATE, NOT NULL, NULL, AUTO_INCREMENT, DEFAULT ON NULL, NULL_TO_DEFAULT, SEQUENCE, SELECTIVITY, COMMENT, CONSTRAINT, COMMENT, PRIMARY KEY, UNIQUE, NOT NULL, NULL, CHECK, REFERENCES, AUTO_INCREMENT, ,, )"; SQL statement:

CREATE TABLE IF NOT EXISTS Paciente (id INT AUTO_INCREMENT PRIMARY KEY, nombre VARCHAR(255), apellido VARCHAR(255), dni VARCHAR(255), id_domicilio INT FOREIGN KEY (id_domicilio) references Domicilio(id), fecha_ingreso VARCHAR(25)) [42001-214]
[2023-03-02 21:28:49] [ERROR] [PacienteDAOH2:57] org.h2.jdbc.JdbcSQLSyntaxErrorException: Column "DOMICILIO_ID" not found; SQL statement:
INSERT INTO Paciente (apellido, nombre, dni, fecha_ingreso, domicilio_id) VALUES ('?', '?', '?', '?', '?') [42122-214]
[2023-03-02 21:30:54] [ERROR] [PacienteDAOH2:57] org.h2.jdbc.JdbcSQLSyntaxErrorException: Column "DOMICILIO_ID" not found; SQL statement:
INSERT INTO Paciente (apellido, nombre, dni, fecha_ingreso, domicilio_id) VALUES ('?', '?', '?', '?', '?') [42122-214]
[2023-03-02 21:33:22] [ERROR] [PacienteDAOH2:57] Column "DOMICILIO_ID" not found; SQL statement:
INSERT INTO Paciente (apellido, nombre, dni, fecha_ingreso, domicilio_id) VALUES ('?', '?', '?', '?', '?') [42122-214]
[2023-03-02 21:37:19] [ERROR] [PacienteDAOH2:57] Database may be already in use: "C:/Users/rdiaz/clinica.mv.db". Possible solutions: close all other connection(s); use the server mode [90020-214]
[2023-03-02 21:37:27] [ERROR] [PacienteDAOH2:57] Column "DOMICILIO_ID" not found; SQL statement:
INSERT INTO Paciente (apellido, nombre, dni, fecha_ingreso, domicilio_id) VALUES ('?', '?', '?', '?', '?') [42122-214]
[2023-03-02 21:39:51] [ERROR] [PacienteDAOH2:57] Column "DOMICILIO_ID" not found; SQL statement:
INSERT INTO Paciente (apellido, nombre, dni, fecha_ingreso, domicilio_id) VALUES ('?', '?', '?', '?', '?') [42122-214]
[2023-03-02 21:47:47] [ERROR] [PacienteDAOH2:57] Column "DOMICILIO_ID" not found; SQL statement:
INSERT INTO Paciente (apellido, nombre, dni, fecha_ingreso, domicilio_id) VALUES ('?', '?', '?', '?', '?') [42122-214]
[2023-03-02 21:50:20] [ERROR] [PacienteDAOH2:57] Column "DOMICILIO_ID" not found; SQL statement:
INSERT INTO Paciente (apellido, nombre, dni, fecha_ingreso, domicilio_id) VALUES ('?', '?', '?', '?', '?') [42122-214]
[2023-03-02 21:50:37] [ERROR] [PacienteDAOH2:57] Column "DOMICILIO_ID" not found; SQL statement:
INSERT INTO Paciente (apellido, nombre, dni, fecha_ingreso, domicilio_id) VALUES ('?', '?', '?', '?', ?) [42122-214]
[2023-03-02 21:51:33] [ERROR] [PacienteDAOH2:57] Column "DOMICILIO_ID" not found; SQL statement:
INSERT INTO Paciente (apellido, nombre, dni, fecha_ingreso, domicilio_id) VALUES ('?', '?', '?', '?', ?) [42122-214]
[2023-03-02 21:52:44] [ERROR] [PacienteDAOH2:57] Column "DOMICILIO_ID" not found; SQL statement:
INSERT INTO Paciente (apellido, nombre, dni, fecha_ingreso, domicilio_id) VALUES ('?', '?', '?', '?', ?) [42122-214]
[2023-03-02 21:52:48] [ERROR] [PacienteDAOH2:57] Column "DOMICILIO_ID" not found; SQL statement:
INSERT INTO Paciente (apellido, nombre, dni, fecha_ingreso, domicilio_id) VALUES (?, ?, ?, ?, ?) [42122-214]
[2023-03-02 22:49:47] [ERROR] [PacienteDAOH2:101] Database may be already in use: "C:/Users/rdiaz/clinica.mv.db". Possible solutions: close all other connection(s); use the server mode [90020-214]
[2023-03-02 22:50:01] [ERROR] [PacienteDAOH2:101] Data conversion error converting "Calle Falsa" [22018-214]
[2023-03-02 22:52:08] [ERROR] [PacienteDAOH2:101] Data conversion error converting "Calle Falsa" [22018-214]
[2023-03-02 22:52:15] [ERROR] [PacienteDAOH2:101] Data conversion error converting "Calle Falsa" [22018-214]
[2023-03-02 22:52:46] [INFO ] [PacienteDAOH2:50] Se agregó el domicilio: Calle Falsa ** 123 ** Localidad ** Provincia
[2023-03-02 22:52:46] [INFO ] [PacienteDAOH2:55] Se agregó el paciente: Perez ** Pablo ** 33333333 ** 22/12/2022 ** 2
[2023-03-02 22:53:08] [ERROR] [PacienteDAOH2:101] Data conversion error converting "Calle Falsa" [22018-214]
[2023-03-02 22:54:49] [ERROR] [PacienteDAOH2:101] Data conversion error converting "Calle Falsa" [22018-214]
